2019-08-05 14:16:05,730 - my_log.py[line:36] - INFO:-------------------启动浏览器-----------------
NoneType: None
2019-08-05 14:16:12,065 - my_log.py[line:36] - INFO:--------------寄前查询---------------------
NoneType: None
2019-08-05 14:16:43,378 - my_log.py[line:36] - INFO:--------------进入地址簿---------------------
NoneType: None
2019-08-05 14:16:43,379 - my_log.py[line:36] - INFO:-------------增删改地址---------------------
NoneType: None
2019-08-05 14:19:48,466 - my_log.py[line:36] - INFO:-------------预约单*下单成功页面-断言--------------------
NoneType: None
2019-08-05 14:19:48,657 - my_log.py[line:36] - INFO:-------------完善订单---------------------
NoneType: None
2019-08-05 14:20:21,472 - my_log.py[line:36] - INFO:-------------完善订单成功***页面跳转到预约成功页面***断言---------------------
NoneType: None
2019-08-05 14:20:21,531 - my_log.py[line:36] - INFO:-------------取消订单---------------------
NoneType: None
2019-08-05 14:20:38,408 - my_log.py[line:36] - INFO:-------------订单取消成功-跳转到预约寄件页面---------------------
NoneType: None
2019-08-05 14:20:40,413 - my_log.py[line:36] - INFO:-----------------我的列表***删除订单------------------
NoneType: None
2019-08-05 14:20:59,714 - my_log.py[line:36] - INFO:-----------------我的列表***删除订单成功------------------
NoneType: None
2019-08-05 14:20:59,715 - my_log.py[line:36] - INFO:-----------------查件-----------------
NoneType: None
2019-08-05 14:21:05,871 - my_log.py[line:36] - INFO:-----------------查件成功----断言成功-------------
NoneType: None
2019-08-05 14:21:05,872 - my_log.py[line:36] - INFO:--------------------关闭浏览器--------------------
NoneType: None
2019-08-05 14:21:08,992 - my_log.py[line:36] - INFO:-------------------启动浏览器-----------------
NoneType: None
2019-08-05 14:21:15,187 - my_log.py[line:36] - INFO:--------------进入地址簿---------------------
NoneType: None
2019-08-05 14:21:15,187 - my_log.py[line:36] - INFO:-------------增删改地址---------------------
NoneType: None
2019-08-05 14:23:39,226 - my_log.py[line:36] - INFO:-------------实时单*下单成功页面-断言--------------------
NoneType: None
2019-08-05 14:23:41,414 - my_log.py[line:36] - INFO:-------------取消订单---------------------
NoneType: None
2019-08-05 14:23:58,300 - my_log.py[line:36] - INFO:-------------订单取消成功-跳转到预约寄件页面---------------------
NoneType: None
2019-08-05 14:24:00,307 - my_log.py[line:36] - INFO:-----------------我的列表***删除订单------------------
NoneType: None
2019-08-05 14:24:19,639 - my_log.py[line:36] - INFO:-----------------我的列表***删除订单成功------------------
NoneType: None
2019-08-05 14:24:19,640 - my_log.py[line:36] - INFO:--------------------关闭浏览器--------------------
NoneType: None
